<?xml version="1.0" encoding="UTF-8"?>
<!-- Generated by org.testng.reporters.JUnitReportReporter -->
<testsuite skipped="0" hostname="DESKTOP-D9OTF19" name="testCases.TestCase1" tests="1" failures="0" timestamp="25 Mar 2019 16:44:50 GMT" time="0.005" errors="0">
  <testcase name="Test1" time="0.005" classname="testCases.TestCase1"/>
</testsuite> <!-- testCases.TestCase1 -->
