<?xml version="1.0" encoding="UTF-8"?>
<!-- Generated by org.testng.reporters.JUnitReportReporter -->
<testsuite skipped="0" hostname="DESKTOP-D9OTF19" name="testCases.TestCase3" tests="1" failures="0" timestamp="25 Mar 2019 16:44:50 GMT" time="0.001" errors="0">
  <testcase name="Test3" time="0.001" classname="testCases.TestCase3"/>
</testsuite> <!-- testCases.TestCase3 -->
